[00:34:56] [ServerMain/INFO]: Environment: Environment[sessionHost=https://sessionserver.mojang.com, servicesHost=https://api.minecraftservices.com, name=PROD]
[00:34:59] [ServerMain/INFO]: Loaded 1290 recipes
[00:34:59] [ServerMain/INFO]: Loaded 1399 advancements
[00:35:00] [Server thread/INFO]: Starting minecraft server version 1.21
[00:35:00] [Server thread/INFO]: Loading properties
[00:35:00] [Server thread/INFO]: Default game type: SURVIVAL
[00:35:00] [Server thread/INFO]: Generating keypair
[00:35:00] [Server thread/INFO]: Starting Minecraft server on *:25565
[00:35:00] [Server thread/INFO]: Using epoll channel type
[00:35:00] [Server thread/WARN]: **** SERVER IS RUNNING IN OFFLINE/INSECURE MODE!
[00:35:00] [Server thread/WARN]: The server will make no attempt to authenticate usernames. Beware.
[00:35:00] [Server thread/WARN]: While this makes the game possible to play without internet access, it also opens up the ability for hackers to connect with any username they choose.
[00:35:00] [Server thread/WARN]: To change this, set "online-mode" to "true" in the server.properties file.
[00:35:00] [Server thread/INFO]: Preparing level "world"
[00:35:04] [Server thread/INFO]: Preparing start region for dimension minecraft:overworld
[00:35:04] [Worker-Main-1/INFO]: Preparing spawn area: 0%
[00:35:04] [Server thread/INFO]: Time elapsed: 511 ms
[00:35:04] [Server thread/INFO]: Done (4.373s)! For help, type "help"
[00:35:14] [Server thread/INFO]: Rotnni[/[0:0:0:0:0:0:0:1%0]:37738] logged in with entity id 19 at (-491.58438721804004, 70.0, -170.97260861754665)
[00:35:14] [Server thread/INFO]: Rotnni joined the game
[00:35:33] [Server thread/INFO]: mitskiloverr[/[0:0:0:0:0:0:0:1%0]:46728] logged in with entity id 660 at (-513.1820210285077, 70.0, -169.82369839677762)
[00:35:33] [Server thread/INFO]: mitskiloverr joined the game
